<?xml version="1.0" encoding="UTF-8"?>
<!-- Generated by org.testng.reporters.JUnitXMLReporter -->
<testsuite ignored="0" hostname="DESKTOP-A7JHH62" failures="0" tests="8" name="Test" time="25.506" errors="0" timestamp="30 Oct 2018 14:20:39 GMT">
  <testcase classname="example.NewTest" name="@BeforeClass setUp" time="25.202">
    <failure type="org.openqa.selenium.WebDriverException" message="Timed out waiting for driver server to start.
Build info: version: &amp;apos;3.14.0&amp;apos;, revision: &amp;apos;aacccce0&amp;apos;, time: &amp;apos;2018-08-02T20:19:58.91Z&amp;apos;
System info: host: &amp;apos;DESKTOP-A7JHH62&amp;apos;, ip: &amp;apos;192.168.1.40&amp;apos;, os.name: &amp;apos;Windows 10&amp;apos;, os.arch: &amp;apos;amd64&amp;apos;, os.version: &amp;apos;10.0&amp;apos;, java.version: &amp;apos;11.0.1&amp;apos;
Driver info: driver.version: ChromeDriver">
      <![CDATA[org.openqa.selenium.WebDriverException: Timed out waiting for driver server to start.
Build info: version: '3.14.0', revision: 'aacccce0', time: '2018-08-02T20:19:58.91Z'
System info: host: 'DESKTOP-A7JHH62', ip: '192.168.1.40', os.name: 'Windows 10', os.arch: 'amd64', os.version: '10.0', java.version: '11.0.1'
Driver info: driver.version: ChromeDriver
at org.openqa.selenium.remote.service.DriverService.waitUntilAvailable(DriverService.java:193)
at org.openqa.selenium.remote.service.DriverService.start(DriverService.java:179)
at org.openqa.selenium.remote.service.DriverCommandExecutor.execute(DriverCommandExecutor.java:79)
at org.openqa.selenium.remote.RemoteWebDriver.execute(RemoteWebDriver.java:548)
at org.openqa.selenium.remote.RemoteWebDriver.startSession(RemoteWebDriver.java:212)
at org.openqa.selenium.remote.RemoteWebDriver.<init>(RemoteWebDriver.java:130)
at org.openqa.selenium.chrome.ChromeDriver.<init>(ChromeDriver.java:181)
at org.openqa.selenium.chrome.ChromeDriver.<init>(ChromeDriver.java:168)
at org.openqa.selenium.chrome.ChromeDriver.<init>(ChromeDriver.java:123)
at example.NewTest.setUp(NewTest.java:24)
Caused by: org.openqa.selenium.net.UrlChecker$TimeoutException: Timed out waiting for [http://localhost:16335/status] to be available after 20005 ms
at org.openqa.selenium.net.UrlChecker.waitUntilAvailable(UrlChecker.java:100)
at org.openqa.selenium.remote.service.DriverService.waitUntilAvailable(DriverService.java:188)
... 39 more
Caused by: java.util.concurrent.TimeoutException
at java.base/java.util.concurrent.FutureTask.get(FutureTask.java:204)
at com.google.common.util.concurrent.SimpleTimeLimiter.callWithTimeout(SimpleTimeLimiter.java:156)
at org.openqa.selenium.net.UrlChecker.waitUntilAvailable(UrlChecker.java:75)
... 40 more
... Removed 30 stack frames]]>
    </failure>
  </testcase> <!-- @BeforeClass setUp -->
  <testcase classname="example.NewTest" name="@AfterClass tearDown" time="0.0">
    <skipped/>
  </testcase> <!-- @AfterClass tearDown -->
  <testcase classname="example.NewTest" name="testParkingTestCase1" time="0.0">
    <skipped/>
  </testcase> <!-- testParkingTestCase1 -->
  <testcase classname="example.NewTest" name="testParkingTestCase2" time="0.0">
    <skipped/>
  </testcase> <!-- testParkingTestCase2 -->
  <testcase classname="example.NewTest" name="testParkingTestCase3" time="0.0">
    <skipped/>
  </testcase> <!-- testParkingTestCase3 -->
  <testcase classname="example.NewTest" name="testParkingTestCase4Java" time="0.0">
    <skipped/>
  </testcase> <!-- testParkingTestCase4Java -->
  <testcase classname="example.NewTest" name="testParkingTestCase5Java" time="0.0">
    <skipped/>
  </testcase> <!-- testParkingTestCase5Java -->
  <testcase classname="example.NewTest" name="testParkingTestCase6Java" time="0.0">
    <skipped/>
  </testcase> <!-- testParkingTestCase6Java -->
  <testcase classname="example.NewTest" name="testParkingTestCase7Java" time="0.0">
    <skipped/>
  </testcase> <!-- testParkingTestCase7Java -->
  <testcase classname="example.NewTest" name="testParkingTestCase8" time="0.0">
    <skipped/>
  </testcase> <!-- testParkingTestCase8 -->
</testsuite> <!-- Test -->
